
/home/runner/work/exp-zoh-foh-iitkgp/exp-zoh-foh-iitkgp/experiment/simulation/js/ZOH_FOH.js
     4:10  warning  'inputChange' is defined but never used        no-unused-vars
    15:10  warning  'refresh' is defined but never used            no-unused-vars
    38:10  warning  'ZOH_fr' is defined but never used             no-unused-vars
    50:2   warning  'f1' is not defined                            no-undef
    56:10  warning  'math' is not defined                          no-undef
    56:26  warning  'math' is not defined                          no-undef
    58:6   warning  'scndprt1' is assigned a value but never used  no-unused-vars
    58:17  warning  'math' is not defined                          no-undef
    60:14  warning  'math' is not defined                          no-undef
    60:23  warning  'math' is not defined                          no-undef
    60:30  warning  'math' is not defined                          no-undef
    60:45  warning  'math' is not defined                          no-undef
    61:6   warning  'frstprt1' is assigned a value but never used  no-unused-vars
    61:17  warning  'math' is not defined                          no-undef
    64:14  warning  'math' is not defined                          no-undef
    65:11  warning  'math' is not defined                          no-undef
    65:28  warning  'math' is not defined                          no-undef
    75:11  warning  'math' is not defined                          no-undef
    75:27  warning  'math' is not defined                          no-undef
    76:16  warning  'math' is not defined                          no-undef
    78:13  warning  'math' is not defined                          no-undef
    78:22  warning  'math' is not defined                          no-undef
    78:29  warning  'math' is not defined                          no-undef
    78:44  warning  'math' is not defined                          no-undef
    79:16  warning  'math' is not defined                          no-undef
    80:11  warning  'math' is not defined                          no-undef
    82:15  warning  'math' is not defined                          no-undef
    84:6   warning  'fraction' is assigned a value but never used  no-unused-vars
    84:17  warning  'math' is not defined                          no-undef
    87:25  warning  'math' is not defined                          no-undef
    98:4   warning  'math' is not defined                          no-undef
   104:19  warning  'CanvasJS' is not defined                      no-undef
   107:1   warning  Mixed spaces and tabs                          no-mixed-spaces-and-tabs
   108:2   warning  Mixed spaces and tabs                          no-mixed-spaces-and-tabs
   109:1   warning  Mixed spaces and tabs                          no-mixed-spaces-and-tabs
   111:1   warning  Mixed spaces and tabs                          no-mixed-spaces-and-tabs
   113:1   warning  Mixed spaces and tabs                          no-mixed-spaces-and-tabs
   114:1   warning  Mixed spaces and tabs                          no-mixed-spaces-and-tabs
   120:1   warning  Mixed spaces and tabs                          no-mixed-spaces-and-tabs
   121:2   warning  Mixed spaces and tabs                          no-mixed-spaces-and-tabs
   148:19  warning  'CanvasJS' is not defined                      no-undef
   151:1   warning  Mixed spaces and tabs                          no-mixed-spaces-and-tabs
   152:2   warning  Mixed spaces and tabs                          no-mixed-spaces-and-tabs
   153:1   warning  Mixed spaces and tabs                          no-mixed-spaces-and-tabs
   155:1   warning  Mixed spaces and tabs                          no-mixed-spaces-and-tabs
   157:1   warning  Mixed spaces and tabs                          no-mixed-spaces-and-tabs
   158:1   warning  Mixed spaces and tabs                          no-mixed-spaces-and-tabs
   164:1   warning  Mixed spaces and tabs                          no-mixed-spaces-and-tabs
   165:2   warning  Mixed spaces and tabs                          no-mixed-spaces-and-tabs
   215:10  warning  'ZOH_bode' is defined but never used           no-unused-vars
   227:2   warning  'f1' is not defined                            no-undef
   228:10  warning  'math' is not defined                          no-undef
   228:26  warning  'math' is not defined                          no-undef
   230:6   warning  'scndprt1' is assigned a value but never used  no-unused-vars
   230:17  warning  'math' is not defined                          no-undef
   232:14  warning  'math' is not defined                          no-undef
   232:23  warning  'math' is not defined                          no-undef
   232:30  warning  'math' is not defined                          no-undef
   232:45  warning  'math' is not defined                          no-undef
   233:6   warning  'frstprt1' is assigned a value but never used  no-unused-vars
   233:17  warning  'math' is not defined                          no-undef
   236:14  warning  'math' is not defined                          no-undef
   237:11  warning  'math' is not defined                          no-undef
   237:28  warning  'math' is not defined                          no-undef
   247:11  warning  'math' is not defined                          no-undef
   247:27  warning  'math' is not defined                          no-undef
   248:16  warning  'math' is not defined                          no-undef
   250:13  warning  'math' is not defined                          no-undef
   250:22  warning  'math' is not defined                          no-undef
   250:29  warning  'math' is not defined                          no-undef
   250:44  warning  'math' is not defined                          no-undef
   251:16  warning  'math' is not defined                          no-undef
   252:11  warning  'math' is not defined                          no-undef
   254:15  warning  'math' is not defined                          no-undef
   256:6   warning  'fraction' is assigned a value but never used  no-unused-vars
   256:17  warning  'math' is not defined                          no-undef
   259:25  warning  'math' is not defined                          no-undef
   273:19  warning  'CanvasJS' is not defined                      no-undef
   276:1   warning  Mixed spaces and tabs                          no-mixed-spaces-and-tabs
   277:2   warning  Mixed spaces and tabs                          no-mixed-spaces-and-tabs
   278:1   warning  Mixed spaces and tabs                          no-mixed-spaces-and-tabs
   280:1   warning  Mixed spaces and tabs                          no-mixed-spaces-and-tabs
   282:1   warning  Mixed spaces and tabs                          no-mixed-spaces-and-tabs
   283:1   warning  Mixed spaces and tabs                          no-mixed-spaces-and-tabs
   289:1   warning  Mixed spaces and tabs                          no-mixed-spaces-and-tabs
   290:2   warning  Mixed spaces and tabs                          no-mixed-spaces-and-tabs
   317:19  warning  'CanvasJS' is not defined                      no-undef
   320:1   warning  Mixed spaces and tabs                          no-mixed-spaces-and-tabs
   321:2   warning  Mixed spaces and tabs                          no-mixed-spaces-and-tabs
   322:1   warning  Mixed spaces and tabs                          no-mixed-spaces-and-tabs
   324:1   warning  Mixed spaces and tabs                          no-mixed-spaces-and-tabs
   326:1   warning  Mixed spaces and tabs                          no-mixed-spaces-and-tabs
   327:1   warning  Mixed spaces and tabs                          no-mixed-spaces-and-tabs
   333:1   warning  Mixed spaces and tabs                          no-mixed-spaces-and-tabs
   334:2   warning  Mixed spaces and tabs                          no-mixed-spaces-and-tabs
   380:10  warning  'ZOH_pade1_fr' is defined but never used       no-unused-vars
   384:6   warning  'Ts' is assigned a value but never used        no-unused-vars
   393:2   warning  'f1' is not defined                            no-undef
   394:10  warning  'math' is not defined                          no-undef
   394:26  warning  'math' is not defined                          no-undef
   396:14  warning  'math' is not defined                          no-undef
   397:18  warning  'math' is not defined                          no-undef
   398:18  warning  'math' is not defined                          no-undef
   401:17  warning  'math' is not defined                          no-undef
   401:33  warning  'math' is not defined                          no-undef
   402:11  warning  'math' is not defined                          no-undef
   411:11  warning  'math' is not defined                          no-undef
   411:27  warning  'math' is not defined                          no-undef
   413:13  warning  'math' is not defined                          no-undef
   414:17  warning  'math' is not defined                          no-undef
   415:17  warning  'math' is not defined                          no-undef
   418:16  warning  'math' is not defined                          no-undef
   418:32  warning  'math' is not defined                          no-undef
   419:12  warning  'math' is not defined                          no-undef
   422:15  warning  'math' is not defined                          no-undef
   424:6   warning  'fraction' is assigned a value but never used  no-unused-vars
   424:17  warning  'math' is not defined                          no-undef
   427:25  warning  'math' is not defined                          no-undef
   441:19  warning  'CanvasJS' is not defined                      no-undef
   444:1   warning  Mixed spaces and tabs                          no-mixed-spaces-and-tabs
   445:2   warning  Mixed spaces and tabs                          no-mixed-spaces-and-tabs
   446:1   warning  Mixed spaces and tabs                          no-mixed-spaces-and-tabs
   448:1   warning  Mixed spaces and tabs                          no-mixed-spaces-and-tabs
   450:1   warning  Mixed spaces and tabs                          no-mixed-spaces-and-tabs
   451:1   warning  Mixed spaces and tabs                          no-mixed-spaces-and-tabs
   456:1   warning  Mixed spaces and tabs                          no-mixed-spaces-and-tabs
   457:2   warning  Mixed spaces and tabs                          no-mixed-spaces-and-tabs
   484:19  warning  'CanvasJS' is not defined                      no-undef
   487:1   warning  Mixed spaces and tabs                          no-mixed-spaces-and-tabs
   488:2   warning  Mixed spaces and tabs                          no-mixed-spaces-and-tabs
   489:1   warning  Mixed spaces and tabs                          no-mixed-spaces-and-tabs
   491:1   warning  Mixed spaces and tabs                          no-mixed-spaces-and-tabs
   493:1   warning  Mixed spaces and tabs                          no-mixed-spaces-and-tabs
   494:1   warning  Mixed spaces and tabs                          no-mixed-spaces-and-tabs
   499:1   warning  Mixed spaces and tabs                          no-mixed-spaces-and-tabs
   500:2   warning  Mixed spaces and tabs                          no-mixed-spaces-and-tabs
   531:10  warning  'ZOH_pade1_bode' is defined but never used     no-unused-vars
   535:6   warning  'Ts' is assigned a value but never used        no-unused-vars
   544:2   warning  'f1' is not defined                            no-undef
   545:10  warning  'math' is not defined                          no-undef
   545:26  warning  'math' is not defined                          no-undef
   547:14  warning  'math' is not defined                          no-undef
   548:18  warning  'math' is not defined                          no-undef
   549:18  warning  'math' is not defined                          no-undef
   552:17  warning  'math' is not defined                          no-undef
   552:33  warning  'math' is not defined                          no-undef
   553:11  warning  'math' is not defined                          no-undef
   562:11  warning  'math' is not defined                          no-undef
   562:27  warning  'math' is not defined                          no-undef
   564:13  warning  'math' is not defined                          no-undef
   565:17  warning  'math' is not defined                          no-undef
   566:17  warning  'math' is not defined                          no-undef
   569:16  warning  'math' is not defined                          no-undef
   569:32  warning  'math' is not defined                          no-undef
   570:12  warning  'math' is not defined                          no-undef
   573:15  warning  'math' is not defined                          no-undef
   575:6   warning  'fraction' is assigned a value but never used  no-unused-vars
   575:17  warning  'math' is not defined                          no-undef
   578:25  warning  'math' is not defined                          no-undef
   592:19  warning  'CanvasJS' is not defined                      no-undef
   595:1   warning  Mixed spaces and tabs                          no-mixed-spaces-and-tabs
   596:2   warning  Mixed spaces and tabs                          no-mixed-spaces-and-tabs
   597:1   warning  Mixed spaces and tabs                          no-mixed-spaces-and-tabs
   599:1   warning  Mixed spaces and tabs                          no-mixed-spaces-and-tabs
   601:1   warning  Mixed spaces and tabs                          no-mixed-spaces-and-tabs
   602:1   warning  Mixed spaces and tabs                          no-mixed-spaces-and-tabs
   608:1   warning  Mixed spaces and tabs                          no-mixed-spaces-and-tabs
   609:2   warning  Mixed spaces and tabs                          no-mixed-spaces-and-tabs
   636:19  warning  'CanvasJS' is not defined                      no-undef
   639:1   warning  Mixed spaces and tabs                          no-mixed-spaces-and-tabs
   640:2   warning  Mixed spaces and tabs                          no-mixed-spaces-and-tabs
   641:1   warning  Mixed spaces and tabs                          no-mixed-spaces-and-tabs
   643:1   warning  Mixed spaces and tabs                          no-mixed-spaces-and-tabs
   645:1   warning  Mixed spaces and tabs                          no-mixed-spaces-and-tabs
   646:1   warning  Mixed spaces and tabs                          no-mixed-spaces-and-tabs
   652:1   warning  Mixed spaces and tabs                          no-mixed-spaces-and-tabs
   653:2   warning  Mixed spaces and tabs                          no-mixed-spaces-and-tabs
   686:10  warning  'FOH_fr' is defined but never used             no-unused-vars
   701:2   warning  'f1' is not defined                            no-undef
   702:10  warning  'math' is not defined                          no-undef
   702:26  warning  'math' is not defined                          no-undef
   713:15  warning  'math' is not defined                          no-undef
   713:31  warning  'math' is not defined                          no-undef
   714:12  warning  'math' is not defined                          no-undef
   714:28  warning  'math' is not defined                          no-undef
   714:37  warning  'math' is not defined                          no-undef
   714:44  warning  'math' is not defined                          no-undef
   714:60  warning  'math' is not defined                          no-undef
   715:12  warning  'math' is not defined                          no-undef
   715:21  warning  'math' is not defined                          no-undef
   715:28  warning  'math' is not defined                          no-undef
   715:44  warning  'math' is not defined                          no-undef
   716:12  warning  'math' is not defined                          no-undef
   717:11  warning  'math' is not defined                          no-undef
   718:11  warning  'math' is not defined                          no-undef
   718:28  warning  'math' is not defined                          no-undef
   719:10  warning  'math' is not defined                          no-undef
   727:14  warning  'math' is not defined                          no-undef
   729:11  warning  'math' is not defined                          no-undef
   729:28  warning  'math' is not defined                          no-undef
   729:52  warning  'math' is not defined                          no-undef
   740:11  warning  'math' is not defined                          no-undef
   740:27  warning  'math' is not defined                          no-undef
   742:15  warning  'math' is not defined                          no-undef
   742:24  warning  'math' is not defined                          no-undef
   744:13  warning  'math' is not defined                          no-undef
   744:22  warning  'math' is not defined                          no-undef
   744:29  warning  'math' is not defined                          no-undef
   744:44  warning  'math' is not defined                          no-undef
   745:16  warning  'math' is not defined                          no-undef
   745:25  warning  'math' is not defined                          no-undef
   746:16  warning  'math' is not defined                          no-undef
   747:19  warning  'math' is not defined                          no-undef
   747:34  warning  'math' is not defined                          no-undef
   749:6   warning  'y' is already defined                         no-redeclare
   749:10  warning  'math' is not defined                          no-undef
   749:25  warning  'math' is not defined                          no-undef
   751:14  warning  'math' is not defined                          no-undef
   751:29  warning  'math' is not defined                          no-undef
   753:6   warning  'fraction' is assigned a value but never used  no-unused-vars
   753:17  warning  'math' is not defined                          no-undef
   756:25  warning  'math' is not defined                          no-undef
   770:19  warning  'CanvasJS' is not defined                      no-undef
   773:1   warning  Mixed spaces and tabs                          no-mixed-spaces-and-tabs
   774:2   warning  Mixed spaces and tabs                          no-mixed-spaces-and-tabs
   775:1   warning  Mixed spaces and tabs                          no-mixed-spaces-and-tabs
   777:1   warning  Mixed spaces and tabs                          no-mixed-spaces-and-tabs
   779:1   warning  Mixed spaces and tabs                          no-mixed-spaces-and-tabs
   780:1   warning  Mixed spaces and tabs                          no-mixed-spaces-and-tabs
   785:1   warning  Mixed spaces and tabs                          no-mixed-spaces-and-tabs
   786:2   warning  Mixed spaces and tabs                          no-mixed-spaces-and-tabs
   813:20  warning  'CanvasJS' is not defined                      no-undef
   816:1   warning  Mixed spaces and tabs                          no-mixed-spaces-and-tabs
   817:2   warning  Mixed spaces and tabs                          no-mixed-spaces-and-tabs
   818:1   warning  Mixed spaces and tabs                          no-mixed-spaces-and-tabs
   820:1   warning  Mixed spaces and tabs                          no-mixed-spaces-and-tabs
   822:1   warning  Mixed spaces and tabs                          no-mixed-spaces-and-tabs
   823:1   warning  Mixed spaces and tabs                          no-mixed-spaces-and-tabs
   828:1   warning  Mixed spaces and tabs                          no-mixed-spaces-and-tabs
   829:2   warning  Mixed spaces and tabs                          no-mixed-spaces-and-tabs
   861:10  warning  'FOH_bode' is defined but never used           no-unused-vars
   873:2   warning  'f1' is not defined                            no-undef
   874:10  warning  'math' is not defined                          no-undef
   874:26  warning  'math' is not defined                          no-undef
   885:15  warning  'math' is not defined                          no-undef
   885:31  warning  'math' is not defined                          no-undef
   886:12  warning  'math' is not defined                          no-undef
   886:28  warning  'math' is not defined                          no-undef
   886:37  warning  'math' is not defined                          no-undef
   886:44  warning  'math' is not defined                          no-undef
   886:60  warning  'math' is not defined                          no-undef
   887:12  warning  'math' is not defined                          no-undef
   887:21  warning  'math' is not defined                          no-undef
   887:28  warning  'math' is not defined                          no-undef
   887:44  warning  'math' is not defined                          no-undef
   888:12  warning  'math' is not defined                          no-undef
   889:11  warning  'math' is not defined                          no-undef
   890:11  warning  'math' is not defined                          no-undef
   890:28  warning  'math' is not defined                          no-undef
   891:10  warning  'math' is not defined                          no-undef
   899:14  warning  'math' is not defined                          no-undef
   901:11  warning  'math' is not defined                          no-undef
   901:28  warning  'math' is not defined                          no-undef
   901:52  warning  'math' is not defined                          no-undef
   912:11  warning  'math' is not defined                          no-undef
   912:27  warning  'math' is not defined                          no-undef
   914:15  warning  'math' is not defined                          no-undef
   914:24  warning  'math' is not defined                          no-undef
   916:13  warning  'math' is not defined                          no-undef
   916:22  warning  'math' is not defined                          no-undef
   916:29  warning  'math' is not defined                          no-undef
   916:44  warning  'math' is not defined                          no-undef
   917:16  warning  'math' is not defined                          no-undef
   917:25  warning  'math' is not defined                          no-undef
   918:16  warning  'math' is not defined                          no-undef
   919:19  warning  'math' is not defined                          no-undef
   919:34  warning  'math' is not defined                          no-undef
   921:6   warning  'y' is already defined                         no-redeclare
   921:10  warning  'math' is not defined                          no-undef
   921:25  warning  'math' is not defined                          no-undef
   923:14  warning  'math' is not defined                          no-undef
   923:29  warning  'math' is not defined                          no-undef
   925:6   warning  'fraction' is assigned a value but never used  no-unused-vars
   925:17  warning  'math' is not defined                          no-undef
   928:25  warning  'math' is not defined                          no-undef
   942:20  warning  'CanvasJS' is not defined                      no-undef
   945:1   warning  Mixed spaces and tabs                          no-mixed-spaces-and-tabs
   946:2   warning  Mixed spaces and tabs                          no-mixed-spaces-and-tabs
   947:1   warning  Mixed spaces and tabs                          no-mixed-spaces-and-tabs
   949:1   warning  Mixed spaces and tabs                          no-mixed-spaces-and-tabs
   951:1   warning  Mixed spaces and tabs                          no-mixed-spaces-and-tabs
   952:1   warning  Mixed spaces and tabs                          no-mixed-spaces-and-tabs
   958:1   warning  Mixed spaces and tabs                          no-mixed-spaces-and-tabs
   959:2   warning  Mixed spaces and tabs                          no-mixed-spaces-and-tabs
   986:20  warning  'CanvasJS' is not defined                      no-undef
   989:1   warning  Mixed spaces and tabs                          no-mixed-spaces-and-tabs
   990:2   warning  Mixed spaces and tabs                          no-mixed-spaces-and-tabs
   991:1   warning  Mixed spaces and tabs                          no-mixed-spaces-and-tabs
   993:1   warning  Mixed spaces and tabs                          no-mixed-spaces-and-tabs
   995:1   warning  Mixed spaces and tabs                          no-mixed-spaces-and-tabs
   996:1   warning  Mixed spaces and tabs                          no-mixed-spaces-and-tabs
  1002:1   warning  Mixed spaces and tabs                          no-mixed-spaces-and-tabs
  1003:2   warning  Mixed spaces and tabs                          no-mixed-spaces-and-tabs
  1036:10  warning  'FOH_pade1_fr' is defined but never used       no-unused-vars
  1049:2   warning  'f1' is not defined                            no-undef
  1050:10  warning  'math' is not defined                          no-undef
  1050:26  warning  'math' is not defined                          no-undef
  1052:14  warning  'math' is not defined                          no-undef
  1053:18  warning  'math' is not defined                          no-undef
  1054:18  warning  'math' is not defined                          no-undef
  1057:17  warning  'math' is not defined                          no-undef
  1057:33  warning  'math' is not defined                          no-undef
  1058:14  warning  'math' is not defined                          no-undef
  1058:26  warning  'math' is not defined                          no-undef
  1058:41  warning  'math' is not defined                          no-undef
  1059:12  warning  'math' is not defined                          no-undef
  1059:27  warning  'math' is not defined                          no-undef
  1059:59  warning  'math' is not defined                          no-undef
  1061:11  warning  'math' is not defined                          no-undef
  1069:11  warning  'math' is not defined                          no-undef
  1069:27  warning  'math' is not defined                          no-undef
  1071:6   warning  'lstprt' is assigned a value but never used    no-unused-vars
  1071:13  warning  'math' is not defined                          no-undef
  1072:17  warning  'math' is not defined                          no-undef
  1073:17  warning  'math' is not defined                          no-undef
  1076:6   warning  'frstprt' is assigned a value but never used   no-unused-vars
  1076:16  warning  'math' is not defined                          no-undef
  1076:32  warning  'math' is not defined                          no-undef
  1078:13  warning  'math' is not defined                          no-undef
  1078:27  warning  'math' is not defined                          no-undef
  1078:42  warning  'math' is not defined                          no-undef
  1079:11  warning  'math' is not defined                          no-undef
  1079:26  warning  'math' is not defined                          no-undef
  1079:58  warning  'math' is not defined                          no-undef
  1081:12  warning  'math' is not defined                          no-undef
  1082:18  warning  'math' is not defined                          no-undef
  1089:6   warning  'fraction' is assigned a value but never used  no-unused-vars
  1089:17  warning  'math' is not defined                          no-undef
  1092:25  warning  'math' is not defined                          no-undef
  1106:20  warning  'CanvasJS' is not defined                      no-undef
  1109:1   warning  Mixed spaces and tabs                          no-mixed-spaces-and-tabs
  1110:2   warning  Mixed spaces and tabs                          no-mixed-spaces-and-tabs
  1111:1   warning  Mixed spaces and tabs                          no-mixed-spaces-and-tabs
  1113:1   warning  Mixed spaces and tabs                          no-mixed-spaces-and-tabs
  1115:1   warning  Mixed spaces and tabs                          no-mixed-spaces-and-tabs
  1116:1   warning  Mixed spaces and tabs                          no-mixed-spaces-and-tabs
  1121:1   warning  Mixed spaces and tabs                          no-mixed-spaces-and-tabs
  1122:2   warning  Mixed spaces and tabs                          no-mixed-spaces-and-tabs
  1149:20  warning  'CanvasJS' is not defined                      no-undef
  1152:1   warning  Mixed spaces and tabs                          no-mixed-spaces-and-tabs
  1153:2   warning  Mixed spaces and tabs                          no-mixed-spaces-and-tabs
  1154:1   warning  Mixed spaces and tabs                          no-mixed-spaces-and-tabs
  1156:1   warning  Mixed spaces and tabs                          no-mixed-spaces-and-tabs
  1158:1   warning  Mixed spaces and tabs                          no-mixed-spaces-and-tabs
  1159:1   warning  Mixed spaces and tabs                          no-mixed-spaces-and-tabs
  1164:1   warning  Mixed spaces and tabs                          no-mixed-spaces-and-tabs
  1165:2   warning  Mixed spaces and tabs                          no-mixed-spaces-and-tabs
  1198:10  warning  'FOH_pade1_bode' is defined but never used     no-unused-vars
  1211:2   warning  'f1' is not defined                            no-undef
  1212:10  warning  'math' is not defined                          no-undef
  1212:26  warning  'math' is not defined                          no-undef
  1214:14  warning  'math' is not defined                          no-undef
  1215:18  warning  'math' is not defined                          no-undef
  1216:18  warning  'math' is not defined                          no-undef
  1219:17  warning  'math' is not defined                          no-undef
  1219:33  warning  'math' is not defined                          no-undef
  1220:14  warning  'math' is not defined                          no-undef
  1220:28  warning  'math' is not defined                          no-undef
  1220:43  warning  'math' is not defined                          no-undef
  1221:12  warning  'math' is not defined                          no-undef
  1221:27  warning  'math' is not defined                          no-undef
  1221:59  warning  'math' is not defined                          no-undef
  1223:11  warning  'math' is not defined                          no-undef
  1231:11  warning  'math' is not defined                          no-undef
  1231:27  warning  'math' is not defined                          no-undef
  1233:6   warning  'lstprt' is assigned a value but never used    no-unused-vars
  1233:13  warning  'math' is not defined                          no-undef
  1234:17  warning  'math' is not defined                          no-undef
  1235:17  warning  'math' is not defined                          no-undef
  1238:6   warning  'frstprt' is assigned a value but never used   no-unused-vars
  1238:16  warning  'math' is not defined                          no-undef
  1238:32  warning  'math' is not defined                          no-undef
  1240:13  warning  'math' is not defined                          no-undef
  1240:25  warning  'math' is not defined                          no-undef
  1240:40  warning  'math' is not defined                          no-undef
  1241:11  warning  'math' is not defined                          no-undef
  1241:26  warning  'math' is not defined                          no-undef
  1241:58  warning  'math' is not defined                          no-undef
  1243:12  warning  'math' is not defined                          no-undef
  1244:18  warning  'math' is not defined                          no-undef
  1251:6   warning  'fraction' is assigned a value but never used  no-unused-vars
  1251:17  warning  'math' is not defined                          no-undef
  1254:25  warning  'math' is not defined                          no-undef
  1268:20  warning  'CanvasJS' is not defined                      no-undef
  1271:1   warning  Mixed spaces and tabs                          no-mixed-spaces-and-tabs
  1272:2   warning  Mixed spaces and tabs                          no-mixed-spaces-and-tabs
  1273:1   warning  Mixed spaces and tabs                          no-mixed-spaces-and-tabs
  1275:1   warning  Mixed spaces and tabs                          no-mixed-spaces-and-tabs
  1277:1   warning  Mixed spaces and tabs                          no-mixed-spaces-and-tabs
  1278:1   warning  Mixed spaces and tabs                          no-mixed-spaces-and-tabs
  1284:1   warning  Mixed spaces and tabs                          no-mixed-spaces-and-tabs
  1285:2   warning  Mixed spaces and tabs                          no-mixed-spaces-and-tabs
  1312:20  warning  'CanvasJS' is not defined                      no-undef
  1315:1   warning  Mixed spaces and tabs                          no-mixed-spaces-and-tabs
  1316:2   warning  Mixed spaces and tabs                          no-mixed-spaces-and-tabs
  1317:1   warning  Mixed spaces and tabs                          no-mixed-spaces-and-tabs
  1319:1   warning  Mixed spaces and tabs                          no-mixed-spaces-and-tabs
  1321:1   warning  Mixed spaces and tabs                          no-mixed-spaces-and-tabs
  1322:1   warning  Mixed spaces and tabs                          no-mixed-spaces-and-tabs
  1328:1   warning  Mixed spaces and tabs                          no-mixed-spaces-and-tabs
  1329:2   warning  Mixed spaces and tabs                          no-mixed-spaces-and-tabs
  1370:2   warning  Mixed spaces and tabs                          no-mixed-spaces-and-tabs
  1397:10  warning  'saveImg' is defined but never used            no-unused-vars
  1398:1   warning  'html2canvas' is not defined                   no-undef

/home/runner/work/exp-zoh-foh-iitkgp/exp-zoh-foh-iitkgp/experiment/simulation/js/canvas2image.js
    6:5   warning  'Canvas2Image' is assigned a value but never used  no-unused-vars
  182:7   warning  Mixed spaces and tabs                              no-mixed-spaces-and-tabs
  183:7   warning  Mixed spaces and tabs                              no-mixed-spaces-and-tabs
  219:31  warning  'downloadMimedownloadMime' is not defined          no-undef
  221:9   warning  'strData' is already defined                       no-redeclare
  238:9   warning  'strData' is already defined                       no-redeclare

✖ 420 problems (0 errors, 420 warnings)

